<?xml version="1.0" encoding="UTF-8"?>
<!-- Generated by org.testng.reporters.JUnitReportReporter -->
<testsuite hostname="DESKTOP-ATT6UQO" failures="0" tests="1" name="TestPage.Test_CreateaccountPage" time="32.575" errors="0" timestamp="2023-12-23T14:27:11 IST" skipped="0">
  <testcase classname="TestPage.Test_CreateaccountPage" name="TestCreateaccount_Homepage" time="32.575"/>
</testsuite> <!-- TestPage.Test_CreateaccountPage -->
