<?xml version="1.0" encoding="UTF-8"?>
<!-- Generated by org.testng.reporters.JUnitReportReporter -->
<testsuite hostname="DESKTOP-ATT6UQO" failures="0" tests="1" name="TestPage.Test_HomeworkhomePage" time="71.193" errors="0" timestamp="2023-12-18T19:10:00 IST" skipped="0">
  <testcase classname="TestPage.Test_HomeworkhomePage" name="VerifyclickAddtoCart" time="71.193"/>
</testsuite> <!-- TestPage.Test_HomeworkhomePage -->
