<?xml version="1.0" encoding="UTF-8"?>
<!-- Generated by org.testng.reporters.JUnitReportReporter -->
<testsuite hostname="DESKTOP-ATT6UQO" failures="0" tests="1" name="TestPage.Browser_Open" time="43.995" errors="0" timestamp="2023-12-07T09:29:28 IST" skipped="0">
  <testcase classname="TestPage.Browser_Open" name="t1" time="43.995"/>
</testsuite> <!-- TestPage.Browser_Open -->
