<?xml version="1.0" encoding="UTF-8"?>
<!-- Generated by org.testng.reporters.JUnitReportReporter -->
<testsuite hostname="DESKTOP-ATT6UQO" failures="0" tests="4" name="TestPage.Test_HomePage" time="101.086" errors="0" timestamp="2023-12-17T13:11:05 IST" skipped="0">
  <testcase classname="TestPage.Test_HomePage" name="TestCreateAccount" time="42.622"/>
  <testcase classname="TestPage.Test_HomePage" name="TestSignIn" time="23.070"/>
  <testcase classname="TestPage.Test_HomePage" name="testPageTitle" time="15.059"/>
  <testcase classname="TestPage.Test_HomePage" name="TestPageLogo" time="20.335"/>
</testsuite> <!-- TestPage.Test_HomePage -->
